<?xml version="1.0" encoding="UTF-8"?>
<!-- Generated by org.testng.reporters.JUnitReportReporter -->
<testsuite hostname="Mi_Notebook" failures="0" tests="1" name="AviaSalesTest" time="6.923" errors="0" timestamp="2022-06-01T14:28:07 MSK" skipped="0">
  <testcase classname="AviaSalesTest" name="test" time="6.923"/>
  <system-out/>
</testsuite> <!-- AviaSalesTest -->
